<?xml version="1.0" encoding="UTF-8"?>
<!-- Generated by org.testng.reporters.JUnitReportReporter -->
<testsuite hostname="ATMECSINLT-787" failures="0" tests="1" name="com.taxi_Application_Automation.testScripts.RegistrationTest" time="20.699" errors="0" timestamp="2022-06-24T16:56:20 GMT+05:30" skipped="0">
  <testcase classname="com.taxi_Application_Automation.testScripts.RegistrationTest" name="verifyUserRegistration" time="20.699"/>
  <system-out/>
</testsuite> <!-- com.taxi_Application_Automation.testScripts.RegistrationTest -->
