<?xml version="1.0" encoding="UTF-8"?>
<!-- Generated by org.testng.reporters.JUnitReportReporter -->
<testsuite hostname="ATMECSINLT-787" failures="0" tests="1" name="taxi_Application_Automation.test_scripts.Registration_Test" time="0.670" errors="0" timestamp="2022-06-24T11:16:36 GMT+05:30" skipped="0">
  <testcase classname="taxi_Application_Automation.test_scripts.Registration_Test" name="verifyUserRegistration" time="0.670"/>
  <system-out/>
</testsuite> <!-- taxi_Application_Automation.test_scripts.Registration_Test -->
